#
# There is insufficient memory for the Java Runtime Environment to continue.
# Native memory allocation (malloc) failed to allocate 32744 bytes for ChunkPool::allocate
# Possible reasons:
#   The system is out of physical RAM or swap space
#   The process is running with CompressedOops enabled, and the Java Heap may be blocking the growth of the native heap
# Possible solutions:
#   Reduce memory load on the system
#   Increase physical memory or swap space
#   Check if swap backing store is full
#   Decrease Java heap size (-Xmx/-Xms)
#   Decrease number of Java threads
#   Decrease Java thread stack sizes (-Xss)
#   Set larger code cache with -XX:ReservedCodeCacheSize=
#   JVM is running with Unscaled Compressed Oops mode in which the Java heap is
#     placed in the first 4GB address space. The Java Heap base address is the
#     maximum limit for the native heap growth. Please use -XX:HeapBaseMinAddress
#     to set the Java Heap base and to place the Java Heap above 4GB virtual address.
# This output file may be truncated or incomplete.
#
#  Out of Memory Error (allocation.cpp:272), pid=5908, tid=0x0000000000002bc8
#
# JRE version: OpenJDK Runtime Environment (8.0_242-b08) (build 1.8.0_242-b08)
# Java VM: OpenJDK 64-Bit Server VM (25.242-b08 mixed mode windows-amd64 compressed oops)
# Failed to write core dump. Minidumps are not enabled by default on client versions of Windows
#

---------------  T H R E A D  ---------------

Current thread (0x0000000054d35000):  JavaThread "C2 CompilerThread0" daemon [_thread_in_native, id=11208, stack(0x0000000056290000,0x0000000056390000)]

Stack: [0x0000000056290000,0x0000000056390000]
[error occurred during error reporting (printing stack bounds), id 0xc0000005]

Native frames: (J=compiled Java code, j=interpreted, Vv=VM code, C=native code)


Current CompileTask:
C2:1061805 19501   !   4       org.gradle.internal.io.StreamByteBuffer::readAsCharBuffer (383 bytes)


---------------  P R O C E S S  ---------------

Java Threads: ( => current thread )
  0x000000005f39e000 JavaThread "Exec process Thread 3" [_thread_in_native, id=5580, stack(0x000000006da00000,0x000000006db00000)]
  0x000000005f39d800 JavaThread "Exec process Thread 2" [_thread_in_native, id=5652, stack(0x000000006d880000,0x000000006d980000)]
  0x000000005f39c000 JavaThread "Exec process" [_thread_in_native, id=11656, stack(0x000000006d650000,0x000000006d750000)]
  0x000000005f39b000 JavaThread "Cache worker for execution history cache (C:\ezz\Mods\PAF\.gradle\6.5\executionHistory)" [_thread_blocked, id=5860, stack(0x0000000060fe0000,0x00000000610e0000)]
  0x000000005cb62000 JavaThread "Execution worker for ':' Thread 3" [_thread_blocked, id=13176, stack(0x000000006d2b0000,0x000000006d3b0000)]
  0x000000005cb61800 JavaThread "Execution worker for ':' Thread 2" [_thread_blocked, id=12444, stack(0x000000006d0c0000,0x000000006d1c0000)]
  0x000000005cb60800 JavaThread "Execution worker for ':'" [_thread_blocked, id=3660, stack(0x0000000066020000,0x0000000066120000)]
  0x000000005cb5f000 JavaThread "Cache worker for Build Output Cleanup Cache (C:\ezz\Mods\PAF\.gradle\buildOutputCleanup)" [_thread_blocked, id=12372, stack(0x000000006ce60000,0x000000006cf60000)]
  0x0000000057a66800 JavaThread "Build operations Thread 4" [_thread_blocked, id=4280, stack(0x000000005e880000,0x000000005e980000)]
  0x0000000057a66000 JavaThread "Build operations Thread 3" [_thread_blocked, id=7812, stack(0x0000000060830000,0x0000000060930000)]
  0x0000000057a67800 JavaThread "Build operations Thread 2" [_thread_blocked, id=5220, stack(0x000000005b6b0000,0x000000005b7b0000)]
  0x0000000057a6a800 JavaThread "Build operations" [_thread_blocked, id=11332, stack(0x0000000060680000,0x0000000060780000)]
  0x0000000059331000 JavaThread "Cache worker for cache directory md-rule (C:\Users\QUT EAE\.gradle\caches\6.5\md-rule)" [_thread_blocked, id=10976, stack(0x0000000060500000,0x0000000060600000)]
  0x000000005783a800 JavaThread "Cache worker for cache directory md-supplier (C:\Users\QUT EAE\.gradle\caches\6.5\md-supplier)" [_thread_blocked, id=11400, stack(0x0000000060400000,0x0000000060500000)]
  0x000000005783e000 JavaThread "Cache worker for checksums cache (C:\ezz\Mods\PAF\.gradle\checksums)" [_thread_blocked, id=12080, stack(0x000000005fe20000,0x000000005ff20000)]
  0x000000005783c800 JavaThread "Cache worker for file hash cache (C:\ezz\Mods\PAF\.gradle\6.5\fileHashes)" [_thread_blocked, id=2436, stack(0x000000005fd10000,0x000000005fe10000)]
  0x000000005783f000 JavaThread "Thread-90" [_thread_blocked, id=10000, stack(0x000000005e460000,0x000000005e560000)]
  0x0000000057839800 JavaThread "Stdin handler" [_thread_blocked, id=12768, stack(0x000000005b7e0000,0x000000005b8e0000)]
  0x000000005def7800 JavaThread "Asynchronous log dispatcher for DefaultDaemonConnection: socket connection from /127.0.0.1:60978 to /127.0.0.1:61139" [_thread_in_native, id=4024, stack(0x000000005ae20000,0x000000005af20000)]
  0x000000005def7000 JavaThread "Daemon worker Thread 2" [_thread_blocked, id=3060, stack(0x000000005b580000,0x000000005b680000)]
  0x000000005def6000 JavaThread "Cancel handler" [_thread_blocked, id=9608, stack(0x000000005b3a0000,0x000000005b4a0000)]
  0x000000005def4800 JavaThread "Handler for socket connection from /127.0.0.1:60978 to /127.0.0.1:61139" [_thread_in_native, id=11660, stack(0x000000005b280000,0x000000005b380000)]
  0x000000005def2800 JavaThread "Daemon Thread 2" [_thread_blocked, id=11756, stack(0x000000005af30000,0x000000005b030000)]
  0x000000005def4000 JavaThread "Thread-67" daemon [_thread_in_native, id=6340, stack(0x0000000065ed0000,0x0000000065fd0000)]
  0x0000000057a6b000 JavaThread "Cache worker for file content cache (C:\Users\QUT EAE\.gradle\caches\6.5\fileContent)" [_thread_blocked, id=10664, stack(0x0000000062250000,0x0000000062350000)]
  0x0000000057a68000 JavaThread "Cache worker for execution history cache (C:\Users\QUT EAE\.gradle\caches\6.5\executionHistory)" [_thread_blocked, id=10928, stack(0x0000000061870000,0x0000000061970000)]
  0x0000000059334000 JavaThread "Cache worker for file hash cache (C:\Users\QUT EAE\.gradle\caches\6.5\fileHashes)" [_thread_blocked, id=12204, stack(0x000000005bcf0000,0x000000005bdf0000)]
  0x0000000059333800 JavaThread "File lock request listener" [_thread_in_native, id=9812, stack(0x000000005cee0000,0x000000005cfe0000)]
  0x0000000059332800 JavaThread "Cache worker for journal cache (C:\Users\QUT EAE\.gradle\caches\journal-1)" [_thread_blocked, id=4444, stack(0x000000005be10000,0x000000005bf10000)]
  0x00000000586f7000 JavaThread "Daemon periodic checks" [_thread_blocked, id=728, stack(0x000000005b0e0000,0x000000005b1e0000)]
  0x0000000058746000 JavaThread "Incoming local TCP Connector on port 60978" [_thread_in_native, id=8736, stack(0x000000005aa90000,0x000000005ab90000)]
  0x0000000056fe0000 JavaThread "Daemon health stats" [_thread_blocked, id=11452, stack(0x000000005a3f0000,0x000000005a4f0000)]
  0x0000000054dae000 JavaThread "Service Thread" daemon [_thread_blocked, id=10064, stack(0x00000000568f0000,0x00000000569f0000)]
  0x0000000054d3c000 JavaThread "C1 CompilerThread2" daemon [_thread_blocked, id=2896, stack(0x0000000056600000,0x0000000056700000)]
  0x0000000054d3b800 JavaThread "C2 CompilerThread1" daemon [_thread_in_native, id=13172, stack(0x0000000056710000,0x0000000056810000)]
=>0x0000000054d35000 JavaThread "C2 CompilerThread0" daemon [_thread_in_native, id=11208, stack(0x0000000056290000,0x0000000056390000)]
  0x0000000054d31800 JavaThread "Attach Listener" daemon [_thread_blocked, id=8756, stack(0x00000000564c0000,0x00000000565c0000)]
  0x0000000054d30000 JavaThread "Signal Dispatcher" daemon [_thread_blocked, id=6732, stack(0x00000000563c0000,0x00000000564c0000)]
  0x0000000054d08800 JavaThread "Finalizer" daemon [_thread_blocked, id=2540, stack(0x0000000056100000,0x0000000056200000)]
  0x0000000054d01000 JavaThread "Reference Handler" daemon [_thread_blocked, id=12784, stack(0x0000000055f80000,0x0000000056080000)]
  0x00000000004f0000 JavaThread "main" [_thread_blocked, id=5916, stack(0x0000000000370000,0x0000000000470000)]

Other Threads:
  0x0000000054cb6800 VMThread [stack: 0x0000000055d00000,0x0000000055e00000] [id=8064]
  0x0000000054db0800 WatcherThread [stack: 0x0000000056ad0000,0x0000000056bd0000] [id=13224]

VM state:not at safepoint (normal execution)

VM Mutex/Monitor currently owned by a thread: None

heap address: 0x00000000c0000000, size: 1024 MB, Compressed Oops mode: 32-bit
Narrow klass base: 0x0000000000000000, Narrow klass shift: 0
Compressed class space size: 1073741824 Address: 0x0000000014400000

Heap:
 PSYoungGen      total 268288K, used 74232K [0x00000000eab00000, 0x00000000ff580000, 0x0000000100000000)
  eden space 253440K, 29% used [0x00000000eab00000,0x00000000ef37e040,0x00000000fa280000)
  from space 14848K, 0% used [0x00000000fa280000,0x00000000fa280000,0x00000000fb100000)
  to   space 42496K, 0% used [0x00000000fcc00000,0x00000000fcc00000,0x00000000ff580000)
 ParOldGen       total 268288K, used 72214K [0x00000000c0000000, 0x00000000d0600000, 0x00000000eab00000)
  object space 268288K, 26% used [0x00000000c0000000,0x00000000c46859a0,0x00000000d0600000)
 Metaspace       used 83344K, capacity 86686K, committed 86784K, reserved 1126400K
  class space    used 9793K, capacity 10457K, committed 10496K, reserved 1048576K

Card table byte_map: [0x00000000119d0000,0x0000000011be0000] byte_map_base: 0x00000000113d0000

Marking Bits: (ParMarkBitMap*) 0x00000000592a8030
 Begin Bits: [0x0000000012200000, 0x0000000013200000)
 End Bits:   [0x0000000013200000, 0x0000000014200000)

Polling page: 0x0000000000340000

CodeCache: size=245760Kb used=56655Kb max_used=56673Kb free=189104Kb
 bounds [0x0000000002610000, 0x0000000005dc0000, 0x0000000011610000]
 total_blobs=16137 nmethods=15262 adapters=785
 compilation: enabled

Compilation events (10 events):
Event: 1061.618 Thread 0x0000000054d35000 19496   !   4       java.nio.charset.Charset::defaultCharset (65 bytes)
Event: 1061.619 Thread 0x0000000054d35000 nmethod 19496 0x0000000004ad0950 code [0x0000000004ad0a80, 0x0000000004ad0af8]
Event: 1061.622 Thread 0x0000000054d3b800 19497       4       org.gradle.internal.logging.text.AbstractLineChoppingStyledTextOutput$StateContext::flushLineText (114 bytes)
Event: 1061.630 Thread 0x0000000054d35000 19498       4       org.gradle.internal.logging.console.StyledTextOutputBackedRenderer$OutputEventTextOutputImpl::doLineText (17 bytes)
Event: 1061.635 Thread 0x0000000054d3b800 nmethod 19497 0x0000000005db06d0 code [0x0000000005db0880, 0x0000000005db1148]
Event: 1061.635 Thread 0x0000000054d35000 nmethod 19498 0x0000000005da4310 code [0x0000000005da44a0, 0x0000000005da49c8]
Event: 1061.647 Thread 0x0000000054d3b800 19499       4       org.gradle.internal.io.LineBufferingOutputStream::flush (31 bytes)
Event: 1061.649 Thread 0x0000000054d35000 19500       4       org.gradle.internal.operations.logging.LoggingBuildOperationProgressBroadcaster::emit (23 bytes)
Event: 1061.660 Thread 0x0000000054d35000 nmethod 19500 0x0000000005dad790 code [0x0000000005dad940, 0x0000000005dadf48]
Event: 1061.660 Thread 0x0000000054d35000 19501   !   4       org.gradle.internal.io.StreamByteBuffer::readAsCharBuffer (383 bytes)

GC Heap History (10 events):
Event: 196.961 GC heap before
{Heap before GC invocations=54 (full 7):
 PSYoungGen      total 297984K, used 64253K [0x00000000eab00000, 0x0000000100000000, 0x0000000100000000)
  eden space 250880K, 15% used [0x00000000eab00000,0x00000000ed207358,0x00000000fa000000)
  from space 47104K, 51% used [0x00000000fcf80000,0x00000000fe7382d0,0x00000000ffd80000)
  to   space 48640K, 0% used [0x00000000fa000000,0x00000000fa000000,0x00000000fcf80000)
 ParOldGen       total 268288K, used 128369K [0x00000000c0000000, 0x00000000d0600000, 0x00000000eab00000)
  object space 268288K, 47% used [0x00000000c0000000,0x00000000c7d5c5f0,0x00000000d0600000)
 Metaspace       used 73874K, capacity 76728K, committed 77056K, reserved 1118208K
  class space    used 8596K, capacity 9161K, committed 9216K, reserved 1048576K
Event: 197.106 GC heap after
Heap after GC invocations=54 (full 7):
 PSYoungGen      total 299520K, used 223K [0x00000000eab00000, 0x00000000ffd80000, 0x0000000100000000)
  eden space 250880K, 0% used [0x00000000eab00000,0x00000000eab00000,0x00000000fa000000)
  from space 48640K, 0% used [0x00000000fa000000,0x00000000fa037c18,0x00000000fcf80000)
  to   space 47104K, 0% used [0x00000000fcf80000,0x00000000fcf80000,0x00000000ffd80000)
 ParOldGen       total 268288K, used 128763K [0x00000000c0000000, 0x00000000d0600000, 0x00000000eab00000)
  object space 268288K, 47% used [0x00000000c0000000,0x00000000c7dbeee8,0x00000000d0600000)
 Metaspace       used 73874K, capacity 76728K, committed 77056K, reserved 1118208K
  class space    used 8596K, capacity 9161K, committed 9216K, reserved 1048576K
}
Event: 197.106 GC heap before
{Heap before GC invocations=55 (full 8):
 PSYoungGen      total 299520K, used 223K [0x00000000eab00000, 0x00000000ffd80000, 0x0000000100000000)
  eden space 250880K, 0% used [0x00000000eab00000,0x00000000eab00000,0x00000000fa000000)
  from space 48640K, 0% used [0x00000000fa000000,0x00000000fa037c18,0x00000000fcf80000)
  to   space 47104K, 0% used [0x00000000fcf80000,0x00000000fcf80000,0x00000000ffd80000)
 ParOldGen       total 268288K, used 128763K [0x00000000c0000000, 0x00000000d0600000, 0x00000000eab00000)
  object space 268288K, 47% used [0x00000000c0000000,0x00000000c7dbeee8,0x00000000d0600000)
 Metaspace       used 73874K, capacity 76728K, committed 77056K, reserved 1118208K
  class space    used 8596K, capacity 9161K, committed 9216K, reserved 1048576K
Event: 197.592 GC heap after
Heap after GC invocations=55 (full 8):
 PSYoungGen      total 299520K, used 0K [0x00000000eab00000, 0x00000000ffd80000, 0x0000000100000000)
  eden space 250880K, 0% used [0x00000000eab00000,0x00000000eab00000,0x00000000fa000000)
  from space 48640K, 0% used [0x00000000fa000000,0x00000000fa000000,0x00000000fcf80000)
  to   space 47104K, 0% used [0x00000000fcf80000,0x00000000fcf80000,0x00000000ffd80000)
 ParOldGen       total 268288K, used 88647K [0x00000000c0000000, 0x00000000d0600000, 0x00000000eab00000)
  object space 268288K, 33% used [0x00000000c0000000,0x00000000c5691c48,0x00000000d0600000)
 Metaspace       used 73874K, capacity 76728K, committed 77056K, reserved 1118208K
  class space    used 8596K, capacity 9161K, committed 9216K, reserved 1048576K
}
Event: 378.011 GC heap before
{Heap before GC invocations=56 (full 8):
 PSYoungGen      total 299520K, used 250880K [0x00000000eab00000, 0x00000000ffd80000, 0x0000000100000000)
  eden space 250880K, 100% used [0x00000000eab00000,0x00000000fa000000,0x00000000fa000000)
  from space 48640K, 0% used [0x00000000fa000000,0x00000000fa000000,0x00000000fcf80000)
  to   space 47104K, 0% used [0x00000000fcf80000,0x00000000fcf80000,0x00000000ffd80000)
 ParOldGen       total 268288K, used 88647K [0x00000000c0000000, 0x00000000d0600000, 0x00000000eab00000)
  object space 268288K, 33% used [0x00000000c0000000,0x00000000c5691c48,0x00000000d0600000)
 Metaspace       used 80528K, capacity 83704K, committed 83840K, reserved 1122304K
  class space    used 9431K, capacity 10041K, committed 10112K, reserved 1048576K
Event: 378.034 GC heap after
Heap after GC invocations=56 (full 8):
 PSYoungGen      total 296448K, used 14486K [0x00000000eab00000, 0x00000000ff980000, 0x0000000100000000)
  eden space 253440K, 0% used [0x00000000eab00000,0x00000000eab00000,0x00000000fa280000)
  from space 43008K, 33% used [0x00000000fcf80000,0x00000000fdda5aa8,0x00000000ff980000)
  to   space 44544K, 0% used [0x00000000fa280000,0x00000000fa280000,0x00000000fce00000)
 ParOldGen       total 268288K, used 88655K [0x00000000c0000000, 0x00000000d0600000, 0x00000000eab00000)
  object space 268288K, 33% used [0x00000000c0000000,0x00000000c5693c48,0x00000000d0600000)
 Metaspace       used 80528K, capacity 83704K, committed 83840K, reserved 1122304K
  class space    used 9431K, capacity 10041K, committed 10112K, reserved 1048576K
}
Event: 474.609 GC heap before
{Heap before GC invocations=57 (full 8):
 PSYoungGen      total 296448K, used 135301K [0x00000000eab00000, 0x00000000ff980000, 0x0000000100000000)
  eden space 253440K, 47% used [0x00000000eab00000,0x00000000f20fbc90,0x00000000fa280000)
  from space 43008K, 33% used [0x00000000fcf80000,0x00000000fdda5aa8,0x00000000ff980000)
  to   space 44544K, 0% used [0x00000000fa280000,0x00000000fa280000,0x00000000fce00000)
 ParOldGen       total 268288K, used 88655K [0x00000000c0000000, 0x00000000d0600000, 0x00000000eab00000)
  object space 268288K, 33% used [0x00000000c0000000,0x00000000c5693c48,0x00000000d0600000)
 Metaspace       used 82719K, capacity 85910K, committed 86144K, reserved 1124352K
  class space    used 9684K, capacity 10311K, committed 10368K, reserved 1048576K
Event: 474.634 GC heap after
Heap after GC invocations=57 (full 8):
 PSYoungGen      total 268288K, used 14516K [0x00000000eab00000, 0x00000000ff580000, 0x0000000100000000)
  eden space 253440K, 0% used [0x00000000eab00000,0x00000000eab00000,0x00000000fa280000)
  from space 14848K, 97% used [0x00000000fa280000,0x00000000fb0ad088,0x00000000fb100000)
  to   space 42496K, 0% used [0x00000000fcc00000,0x00000000fcc00000,0x00000000ff580000)
 ParOldGen       total 268288K, used 88663K [0x00000000c0000000, 0x00000000d0600000, 0x00000000eab00000)
  object space 268288K, 33% used [0x00000000c0000000,0x00000000c5695c48,0x00000000d0600000)
 Metaspace       used 82719K, capacity 85910K, committed 86144K, reserved 1124352K
  class space    used 9684K, capacity 10311K, committed 10368K, reserved 1048576K
}
Event: 474.634 GC heap before
{Heap before GC invocations=58 (full 9):
 PSYoungGen      total 268288K, used 14516K [0x00000000eab00000, 0x00000000ff580000, 0x0000000100000000)
  eden space 253440K, 0% used [0x00000000eab00000,0x00000000eab00000,0x00000000fa280000)
  from space 14848K, 97% used [0x00000000fa280000,0x00000000fb0ad088,0x00000000fb100000)
  to   space 42496K, 0% used [0x00000000fcc00000,0x00000000fcc00000,0x00000000ff580000)
 ParOldGen       total 268288K, used 88663K [0x00000000c0000000, 0x00000000d0600000, 0x00000000eab00000)
  object space 268288K, 33% used [0x00000000c0000000,0x00000000c5695c48,0x00000000d0600000)
 Metaspace       used 82719K, capacity 85910K, committed 86144K, reserved 1124352K
  class space    used 9684K, capacity 10311K, committed 10368K, reserved 1048576K
Event: 475.203 GC heap after
Heap after GC invocations=58 (full 9):
 PSYoungGen      total 268288K, used 0K [0x00000000eab00000, 0x00000000ff580000, 0x0000000100000000)
  eden space 253440K, 0% used [0x00000000eab00000,0x00000000eab00000,0x00000000fa280000)
  from space 14848K, 0% used [0x00000000fa280000,0x00000000fa280000,0x00000000fb100000)
  to   space 42496K, 0% used [0x00000000fcc00000,0x00000000fcc00000,0x00000000ff580000)
 ParOldGen       total 268288K, used 72214K [0x00000000c0000000, 0x00000000d0600000, 0x00000000eab00000)
  object space 268288K, 26% used [0x00000000c0000000,0x00000000c46859a0,0x00000000d0600000)
 Metaspace       used 82711K, capacity 85886K, committed 86144K, reserved 1124352K
  class space    used 9681K, capacity 10307K, committed 10368K, reserved 1048576K
}

Deoptimization events (10 events):
Event: 533.941 Thread 0x0000000057a65000 Uncommon trap: reason=unstable_if action=reinterpret pc=0x0000000003cdefe4 method=java.util.concurrent.ThreadPoolExecutor.getTask()Ljava/lang/Runnable; @ 113
Event: 533.944 Thread 0x000000005933d000 Uncommon trap: reason=unstable_if action=reinterpret pc=0x0000000003cdefe4 method=java.util.concurrent.ThreadPoolExecutor.getTask()Ljava/lang/Runnable; @ 113
Event: 533.948 Thread 0x000000005cb5c000 Uncommon trap: reason=unstable_if action=reinterpret pc=0x0000000003cdefe4 method=java.util.concurrent.ThreadPoolExecutor.getTask()Ljava/lang/Runnable; @ 113
Event: 533.963 Thread 0x000000005933e000 Uncommon trap: reason=unstable_if action=reinterpret pc=0x0000000003cdefe4 method=java.util.concurrent.ThreadPoolExecutor.getTask()Ljava/lang/Runnable; @ 113
Event: 1045.842 Thread 0x000000005f39d800 Uncommon trap: reason=predicate action=maybe_recompile pc=0x00000000032680c0 method=java.io.OutputStream.write([BII)V @ 62
Event: 1045.843 Thread 0x000000005f39d800 Uncommon trap: reason=class_check action=maybe_recompile pc=0x0000000003269e60 method=java.io.OutputStream.write([BII)V @ 69
Event: 1045.854 Thread 0x000000005def7800 Uncommon trap: reason=class_check action=maybe_recompile pc=0x0000000003249ac4 method=org.gradle.launcher.daemon.server.exec.LogToClient$AsynchronousLogDispatcher.run()V @ 16
Event: 1060.521 Thread 0x000000005def7800 Uncommon trap: reason=class_check action=maybe_recompile pc=0x0000000003249ac4 method=org.gradle.launcher.daemon.server.exec.LogToClient$AsynchronousLogDispatcher.run()V @ 16
Event: 1060.667 Thread 0x000000005def7800 Uncommon trap: reason=class_check action=maybe_recompile pc=0x0000000003249ac4 method=org.gradle.launcher.daemon.server.exec.LogToClient$AsynchronousLogDispatcher.run()V @ 16
Event: 1060.852 Thread 0x000000005def7800 Uncommon trap: reason=class_check action=maybe_recompile pc=0x0000000003249ac4 method=org.gradle.launcher.daemon.server.exec.LogToClient$AsynchronousLogDispatcher.run()V @ 16

Classes redefined (0 events):
No events

Internal exceptions (10 events):
Event: 473.641 Thread 0x000000005def7000 Exception <a 'java/lang/ClassNotFoundException': org/gradle/execution/taskgraph/DefaultTaskExecutionGraphBeanInfo> (0x00000000ee9e81e0) thrown at [C:\cygwin64\tmp\openjdk-jdk8u-windows-x64-hotspot\workspace\build\src\hotspot\src\share\vm\classfile\systemD
Event: 473.642 Thread 0x000000005def7000 Exception <a 'java/lang/ClassNotFoundException': org/gradle/execution/taskgraph/DefaultTaskExecutionGraphCustomizer> (0x00000000eea1a088) thrown at [C:\cygwin64\tmp\openjdk-jdk8u-windows-x64-hotspot\workspace\build\src\hotspot\src\share\vm\classfile\syste
Event: 474.288 Thread 0x000000005def7000 Exception <a 'sun/nio/fs/WindowsException'> (0x00000000f12f4c48) thrown at [C:\cygwin64\tmp\openjdk-jdk8u-windows-x64-hotspot\workspace\build\src\hotspot\src\share\vm\prims\jni.cpp, line 710]
Event: 474.289 Thread 0x000000005def7000 Exception <a 'sun/nio/fs/WindowsException'> (0x00000000f12f6128) thrown at [C:\cygwin64\tmp\openjdk-jdk8u-windows-x64-hotspot\workspace\build\src\hotspot\src\share\vm\prims\jni.cpp, line 710]
Event: 475.451 Thread 0x000000005def7000 Exception <a 'java/lang/ClassNotFoundException': net/fabricmc/loom/task/GenerateSourcesTask_DecoratedBeanInfo> (0x00000000eae6ba98) thrown at [C:\cygwin64\tmp\openjdk-jdk8u-windows-x64-hotspot\workspace\build\src\hotspot\src\share\vm\classfile\systemDicti
Event: 475.451 Thread 0x000000005def7000 Exception <a 'java/lang/ClassNotFoundException': net/fabricmc/loom/task/GenerateSourcesTaskBeanInfo> (0x00000000eaeab570) thrown at [C:\cygwin64\tmp\openjdk-jdk8u-windows-x64-hotspot\workspace\build\src\hotspot\src\share\vm\classfile\systemDictionary.cpp,
Event: 475.452 Thread 0x000000005def7000 Exception <a 'java/lang/ClassNotFoundException': net/fabricmc/loom/task/AbstractLoomTaskBeanInfo> (0x00000000eaebef48) thrown at [C:\cygwin64\tmp\openjdk-jdk8u-windows-x64-hotspot\workspace\build\src\hotspot\src\share\vm\classfile\systemDictionary.cpp, li
Event: 475.453 Thread 0x000000005def7000 Exception <a 'java/lang/ClassNotFoundException': net/fabricmc/loom/task/AbstractLoomTaskCustomizer> (0x00000000eaed2db0) thrown at [C:\cygwin64\tmp\openjdk-jdk8u-windows-x64-hotspot\workspace\build\src\hotspot\src\share\vm\classfile\systemDictionary.cpp, 
Event: 475.455 Thread 0x000000005def7000 Exception <a 'java/lang/ClassNotFoundException': net/fabricmc/loom/task/GenerateSourcesTaskCustomizer> (0x00000000eaef7920) thrown at [C:\cygwin64\tmp\openjdk-jdk8u-windows-x64-hotspot\workspace\build\src\hotspot\src\share\vm\classfile\systemDictionary.cp
Event: 475.456 Thread 0x000000005def7000 Exception <a 'java/lang/ClassNotFoundException': net/fabricmc/loom/task/GenerateSourcesTask_DecoratedCustomizer> (0x00000000eaf1ea78) thrown at [C:\cygwin64\tmp\openjdk-jdk8u-windows-x64-hotspot\workspace\build\src\hotspot\src\share\vm\classfile\systemDic

Events (10 events):
Event: 1045.854 Thread 0x000000005def7800 DEOPT UNPACKING pc=0x000000000265557b sp=0x000000005af1f6c0 mode 2
Event: 1060.521 Thread 0x000000005def7800 Uncommon trap: trap_request=0xffffffde fr.pc=0x0000000003249ac4
Event: 1060.521 Thread 0x000000005def7800 DEOPT PACKING pc=0x0000000003249ac4 sp=0x000000005af1f6f0
Event: 1060.521 Thread 0x000000005def7800 DEOPT UNPACKING pc=0x000000000265557b sp=0x000000005af1f6c0 mode 2
Event: 1060.667 Thread 0x000000005def7800 Uncommon trap: trap_request=0xffffffde fr.pc=0x0000000003249ac4
Event: 1060.667 Thread 0x000000005def7800 DEOPT PACKING pc=0x0000000003249ac4 sp=0x000000005af1f6f0
Event: 1060.667 Thread 0x000000005def7800 DEOPT UNPACKING pc=0x000000000265557b sp=0x000000005af1f6c0 mode 2
Event: 1060.852 Thread 0x000000005def7800 Uncommon trap: trap_request=0xffffffde fr.pc=0x0000000003249ac4
Event: 1060.852 Thread 0x000000005def7800 DEOPT PACKING pc=0x0000000003249ac4 sp=0x000000005af1f6f0
Event: 1060.852 Thread 0x000000005def7800 DEOPT UNPACKING pc=0x000000000265557b sp=0x000000005af1f6c0 mode 2


Dynamic libraries:
0x000000013f870000 - 0x000000013f8aa000 	C:\Program Files\AdoptOpenJDK\jdk-8.0.242.08-hotspot\bin\java.exe
0x00000000774a0000 - 0x000000007763f000 	C:\Windows\SYSTEM32\ntdll.dll
0x0000000077280000 - 0x000000007739f000 	C:\Windows\system32\kernel32.dll
0x000007fefd340000 - 0x000007fefd3a7000 	C:\Windows\system32\KERNELBASE.dll
0x000007fefdd40000 - 0x000007fefde1b000 	C:\Windows\system32\ADVAPI32.dll
0x000007fefe6f0000 - 0x000007fefe78f000 	C:\Windows\system32\msvcrt.dll
0x000007fefd600000 - 0x000007fefd61f000 	C:\Windows\SYSTEM32\sechost.dll
0x000007fefe440000 - 0x000007fefe56c000 	C:\Windows\system32\RPCRT4.dll
0x00000000773a0000 - 0x000000007749b000 	C:\Windows\system32\USER32.dll
0x000007fefd620000 - 0x000007fefd687000 	C:\Windows\system32\GDI32.dll
0x000007fefe640000 - 0x000007fefe64e000 	C:\Windows\system32\LPK.dll
0x000007fefe570000 - 0x000007fefe63b000 	C:\Windows\system32\USP10.dll
0x000007fefb580000 - 0x000007fefb775000 	C:\Windows\WinSxS\amd64_microsoft.windows.common-controls_6595b64144ccf1df_6.0.7601.24483_none_e372d88f30fbb845\COMCTL32.dll
0x000007fefe0f0000 - 0x000007fefe161000 	C:\Windows\system32\SHLWAPI.dll
0x000007fefe410000 - 0x000007fefe43e000 	C:\Windows\system32\IMM32.DLL
0x000007fefe790000 - 0x000007fefe89b000 	C:\Windows\system32\MSCTF.dll
0x000007feedc30000 - 0x000007feedd1f000 	C:\Program Files\AdoptOpenJDK\jdk-8.0.242.08-hotspot\jre\bin\msvcr120.dll
0x000007feefab0000 - 0x000007feefb56000 	C:\Program Files\AdoptOpenJDK\jdk-8.0.242.08-hotspot\jre\bin\msvcp120.dll
0x0000000058b20000 - 0x0000000059321000 	C:\Program Files\AdoptOpenJDK\jdk-8.0.242.08-hotspot\jre\bin\server\jvm.dll
0x000007fefb350000 - 0x000007fefb359000 	C:\Windows\system32\WSOCK32.dll
0x000007fefd3b0000 - 0x000007fefd3fd000 	C:\Windows\system32\WS2_32.dll
0x000007fefe1d0000 - 0x000007fefe1d8000 	C:\Windows\system32\NSI.dll
0x000007fefa980000 - 0x000007fefa9bb000 	C:\Windows\system32\WINMM.dll
0x000007fefc080000 - 0x000007fefc08c000 	C:\Windows\system32\VERSION.dll
0x0000000077640000 - 0x0000000077647000 	C:\Windows\system32\PSAPI.DLL
0x000007fef3310000 - 0x000007fef331f000 	C:\Program Files\AdoptOpenJDK\jdk-8.0.242.08-hotspot\jre\bin\verify.dll
0x000007fef2dc0000 - 0x000007fef2de8000 	C:\Program Files\AdoptOpenJDK\jdk-8.0.242.08-hotspot\jre\bin\java.dll
0x000007fef2d00000 - 0x000007fef2d16000 	C:\Program Files\AdoptOpenJDK\jdk-8.0.242.08-hotspot\jre\bin\zip.dll
0x000007fefea00000 - 0x000007feff78b000 	C:\Windows\system32\SHELL32.dll
0x000007fefdb40000 - 0x000007fefdd3f000 	C:\Windows\system32\ole32.dll
0x000007fefd000000 - 0x000007fefd00f000 	C:\Windows\system32\profapi.dll
0x000007fef24e0000 - 0x000007fef24fa000 	C:\Program Files\AdoptOpenJDK\jdk-8.0.242.08-hotspot\jre\bin\net.dll
0x000007fefc810000 - 0x000007fefc865000 	C:\Windows\system32\mswsock.dll
0x000007fefc9e0000 - 0x000007fefc9e7000 	C:\Windows\System32\wship6.dll
0x000007fef2240000 - 0x000007fef2252000 	C:\Program Files\AdoptOpenJDK\jdk-8.0.242.08-hotspot\jre\bin\nio.dll
0x000007fef31e0000 - 0x000007fef3207000 	C:\Users\QUT EAE\.gradle\native\f6784746aeab05261644944871eae4fe03e0ef1612fff0a4a95f87b438bc6780\windows-amd64\native-platform.dll
0x000007fefa040000 - 0x000007fefa043000 	C:\Windows\system32\api-ms-win-core-synch-l1-2-0.DLL
0x000007fef3300000 - 0x000007fef330d000 	C:\Program Files\AdoptOpenJDK\jdk-8.0.242.08-hotspot\jre\bin\management.dll
0x000007fefc870000 - 0x000007fefc888000 	C:\Windows\system32\CRYPTSP.dll
0x000007fefc470000 - 0x000007fefc4b7000 	C:\Windows\system32\rsaenh.dll
0x000007fefd210000 - 0x000007fefd22f000 	C:\Windows\system32\USERENV.dll
0x000007fefcdf0000 - 0x000007fefcdff000 	C:\Windows\system32\CRYPTBASE.dll
0x000007fefa4f0000 - 0x000007fefa517000 	C:\Windows\system32\IPHLPAPI.DLL
0x000007fefa4a0000 - 0x000007fefa4ab000 	C:\Windows\system32\WINNSI.DLL
0x000007fefa280000 - 0x000007fefa291000 	C:\Windows\system32\dhcpcsvc6.DLL
0x000007fefa340000 - 0x000007fefa358000 	C:\Windows\system32\dhcpcsvc.DLL
0x000007fef1ab0000 - 0x000007fef1ad3000 	C:\Program Files\AdoptOpenJDK\jdk-8.0.242.08-hotspot\jre\bin\sunec.dll
0x000007fefc150000 - 0x000007fefc157000 	C:\Windows\System32\wshtcpip.dll
0x000007fefc560000 - 0x000007fefc5bb000 	C:\Windows\system32\DNSAPI.dll
0x000007fefbdf0000 - 0x000007fefbe1f000 	C:\Program Files\Common Files\Microsoft Shared\Windows Live\WLIDNSP.DLL
0x0000000071220000 - 0x0000000071246000 	C:\Program Files\Bonjour\mdnsNSP.dll
0x000007fefbde0000 - 0x000007fefbde8000 	C:\Windows\system32\rasadhlp.dll
0x000007fefa360000 - 0x000007fefa3b3000 	C:\Windows\System32\fwpuclnt.dll
0x000007fef36d0000 - 0x000007fef36db000 	C:\Program Files\AdoptOpenJDK\jdk-8.0.242.08-hotspot\jre\bin\sunmscapi.dll
0x000007fefd0a0000 - 0x000007fefd20d000 	C:\Windows\system32\CRYPT32.dll
0x000007fefcff0000 - 0x000007fefcfff000 	C:\Windows\system32\MSASN1.dll
0x000007fefcea0000 - 0x000007fefcef7000 	C:\Windows\system32\apphelp.dll

VM Arguments:
jvm_args: -Xmx1G -Dfile.encoding=windows-1252 -Duser.country=GB -Duser.language=en -Duser.variant 
java_command: org.gradle.launcher.daemon.bootstrap.GradleDaemon 6.5
java_class_path (initial): C:\Users\QUT EAE\.gradle\wrapper\dists\gradle-6.5-bin\6nifqtx7604sqp1q6g8wikw7p\gradle-6.5\lib\gradle-launcher-6.5.jar
Launcher Type: SUN_STANDARD

Environment Variables:
JAVA_HOME=C:\Program Files\AdoptOpenJDK\jdk-8.0.242.08-hotspot\
PATH=C:\Program Files\AdoptOpenJDK\jdk-8.0.242.08-hotspot\bin;C:/Program Files/Java/jdk1.8.0_162/bin;C:\Gradle\gradle-6.1.1\bin;C:\Program Files\AdoptOpenJDK\jdk-13.0.0.33-hotspot\bin;C:\Program Files\Microsoft MPI\Bin\;C:\Program Files (x86)\NVIDIA Corporation\PhysX\Common;C:\Program Files\Common Files\Microsoft Shared\Windows Live;C:\Program Files (x86)\Common Files\Microsoft Shared\Windows Live;C:\Windows\system32;C:\Windows;C:\Windows\System32\Wbem;C:\Windows\System32\WindowsPowerShell\v1.0\;C:\Program Files (x86)\Calibre2\;C:\Users\QUT EAE\AppData\Local\Smartbar\Application\;C:\Program Files (x86)\Windows Live\Shared;C:\Documents\WorldPainter;C:\Program Files (x86)\Windows Kits\10\Windows Performance Toolkit\;C:\Program Files (x86)\Anaconda3;C:\Program Files (x86)\Anaconda3\Scripts;C:\Program Files (x86)\Anaconda3\Library\bin;C:\Program Files\Git\cmd;C:\Program Files\Microsoft SQL Server\130\Tools\Binn\;C:\Program Files\dotnet\;C:\Vagrant\bin;C:\ezz\Apps\platform-tools;C:\Program Files (x86)\QuickTime\QTSystem\;C:\Program Files (x86)\Intel\OpenCL SDK\2.0\bin\x86;C:\Program Files (x86)\Intel\OpenCL SDK\2.0\bin\x64;C:\Users\QUT EAE\AppData\Local\Programs\Python\Python38-32\Scripts\;C:\Users\QUT EAE\AppData\Local\Programs\Python\Python38-32\;C:\Users\QUT EAE\AppData\Local\Code\bin;C:\Program Files\JetBrains\IntelliJ IDEA Community Edition 2019.2.2\bin
USERNAME=QUT EAE
OS=Windows_NT
PROCESSOR_IDENTIFIER=Intel64 Family 6 Model 42 Stepping 7, GenuineIntel



---------------  S Y S T E M  ---------------

OS: Windows 7 , 64 bit Build 7601 (6.1.7601.24545)

CPU:total 4 (initial active 4) (2 cores per cpu, 2 threads per core) family 6 model 42 stepping 7, cmov, cx8, fxsr, mmx, sse, sse2, sse3, ssse3, sse4.1, sse4.2, popcnt, avx, clmul, ht, tsc, tscinvbit

Memory: 4k page, physical 8298812k(569532k free), swap 14586320k(5092k free)

vm_info: OpenJDK 64-Bit Server VM (25.242-b08) for windows-amd64 JRE (1.8.0_242-b08), built on Jan 19 2020 14:45:52 by "jenkins" with MS VC++ 12.0 (VS2013)

time: Sun Jun 28 17:59:06 2020
timezone: GMT Daylight Time
elapsed time: 1061 seconds (0d 0h 17m 41s)

